<?xml version="1.0" encoding="UTF-8" ?>
<testsuite tests="1" failures="1" name="calendar.CalDayRandomTest" time="14.915" errors="0" skipped="0">
  <properties>
[...]
</properties>
  <testcase classname="calendar.CalDayRandomTest" name="randomtest" time="14.915">
    <failure message="expected:&lt;1&gt; but was:&lt;0&gt;" type="java.lang.AssertionError">java.lang.AssertionError: expected:&lt;1&gt; but was:&lt;0&gt;
	at org.junit.Assert.fail(Assert.java:88)
	at org.junit.Assert.failNotEquals(Assert.java:834)
	at org.junit.Assert.assertEquals(Assert.java:645)
	at org.junit.Assert.assertEquals(Assert.java:631)
	at calendar.CalDayRandomTest.randomtest(CalDayRandomTest.java:68)
	at java.base/jdk.internal.reflect.NativeMethodAccessorImpl.invoke0(Native Method)
	at java.base/jdk.internal.reflect.NativeMethodAccessorImpl.invoke(NativeMethodAccessorImpl.java:62)
	at java.base/jdk.internal.reflect.DelegatingMethodAccessorImpl.invoke(DelegatingMethodAccessorImpl.java:43)
	at java.base/java.lang.reflect.Method.invoke(Method.java:564)
	at org.junit.runners.model.FrameworkMethod$1.runReflectiveCall(FrameworkMethod.java:50)
	at org.junit.internal.runners.model.ReflectiveCallable.run(ReflectiveCallable.java:12)
	at org.junit.runners.model.FrameworkMethod.invokeExplosively(FrameworkMethod.java:47)
	at org.junit.internal.runners.statements.InvokeMethod.evaluate(InvokeMethod.java:17)
	at org.junit.runners.ParentRunner.runLeaf(ParentRunner.java:325)
	at org.junit.runners.BlockJUnit4ClassRunner.runChild(BlockJUnit4ClassRunner.java:78)
	at org.junit.runners.BlockJUnit4ClassRunner.runChild(BlockJUnit4ClassRunner.java:57)
	at org.junit.runners.ParentRunner$3.run(ParentRunner.java:290)
	at org.junit.runners.ParentRunner$1.schedule(ParentRunner.java:71)
	at org.junit.runners.ParentRunner.runChildren(ParentRunner.java:288)
	at org.junit.runners.ParentRunner.access$000(ParentRunner.java:58)
	at org.junit.runners.ParentRunner$2.evaluate(ParentRunner.java:268)
	at org.junit.runners.ParentRunner.run(ParentRunner.java:363)
	at org.apache.maven.surefire.junit4.JUnit4Provider.execute(JUnit4Provider.java:252)
	at org.apache.maven.surefire.junit4.JUnit4Provider.executeTestSet(JUnit4Provider.java:141)
	at org.apache.maven.surefire.junit4.JUnit4Provider.invoke(JUnit4Provider.java:112)
	at java.base/jdk.internal.reflect.NativeMethodAccessorImpl.invoke0(Native Method)
	at java.base/jdk.internal.reflect.NativeMethodAccessorImpl.invoke(NativeMethodAccessorImpl.java:62)
	at java.base/jdk.internal.reflect.DelegatingMethodAccessorImpl.invoke(DelegatingMethodAccessorImpl.java:43)
	at java.base/java.lang.reflect.Method.invoke(Method.java:564)
	at org.apache.maven.surefire.util.ReflectionUtils.invokeMethodWithArray(ReflectionUtils.java:189)
	at org.apache.maven.surefire.booter.ProviderFactory$ProviderProxy.invoke(ProviderFactory.java:165)
	at org.apache.maven.surefire.booter.ProviderFactory.invokeProvider(ProviderFactory.java:85)
	at org.apache.maven.surefire.booter.ForkedBooter.runSuitesInProcess(ForkedBooter.java:115)
	at org.apache.maven.surefire.booter.ForkedBooter.main(ForkedBooter.java:75)
</failure>
    <system-out>Start testing...
elapsed time: 193 of 30000
elapsed time: 262 of 30000
elapsed time: 323 of 30000
elapsed time: 340 of 30000
elapsed time: 362 of 30000
elapsed time: 395 of 30000
elapsed time: 421 of 30000
elapsed time: 442 of 30000
elapsed time: 465 of 30000
elapsed time: 477 of 30000
elapsed time: 496 of 30000
elapsed time: 514 of 30000
elapsed time: 539 of 30000
elapsed time: 559 of 30000
elapsed time: 579 of 30000
elapsed time: 590 of 30000
elapsed time: 606 of 30000
elapsed time: 624 of 30000
elapsed time: 640 of 30000
elapsed time: 653 of 30000
elapsed time: 667 of 30000
elapsed time: 681 of 30000
elapsed time: 695 of 30000
elapsed time: 710 of 30000
elapsed time: 723 of 30000
elapsed time: 737 of 30000
elapsed time: 748 of 30000
elapsed time: 761 of 30000
elapsed time: 771 of 30000
elapsed time: 782 of 30000
elapsed time: 798 of 30000
elapsed time: 858 of 30000
elapsed time: 900 of 30000
elapsed time: 910 of 30000
elapsed time: 922 of 30000
elapsed time: 929 of 30000
elapsed time: 938 of 30000
elapsed time: 952 of 30000
elapsed time: 963 of 30000
elapsed time: 996 of 30000
elapsed time: 1031 of 30000
elapsed time: 1056 of 30000
elapsed time: 1086 of 30000
elapsed time: 1116 of 30000
elapsed time: 1141 of 30000
elapsed time: 1161 of 30000
elapsed time: 1178 of 30000
elapsed time: 1194 of 30000
elapsed time: 1212 of 30000
elapsed time: 1230 of 30000
elapsed time: 1248 of 30000
elapsed time: 1267 of 30000
elapsed time: 1279 of 30000
elapsed time: 1295 of 30000
elapsed time: 1305 of 30000
elapsed time: 1319 of 30000
elapsed time: 1333 of 30000
elapsed time: 1347 of 30000
elapsed time: 1355 of 30000
elapsed time: 1368 of 30000
elapsed time: 1375 of 30000
elapsed time: 1385 of 30000
elapsed time: 1387 of 30000
elapsed time: 1401 of 30000
elapsed time: 1411 of 30000
elapsed time: 1421 of 30000
elapsed time: 1430 of 30000
elapsed time: 1445 of 30000
elapsed time: 1456 of 30000
elapsed time: 1467 of 30000
elapsed time: 1477 of 30000
elapsed time: 1486 of 30000
elapsed time: 1494 of 30000
elapsed time: 1504 of 30000
elapsed time: 1512 of 30000
elapsed time: 1522 of 30000
elapsed time: 1530 of 30000
elapsed time: 1545 of 30000
elapsed time: 1556 of 30000
elapsed time: 1562 of 30000
elapsed time: 1574 of 30000
elapsed time: 1584 of 30000
elapsed time: 1594 of 30000
elapsed time: 1601 of 30000
elapsed time: 1615 of 30000
elapsed time: 1625 of 30000
elapsed time: 1633 of 30000
elapsed time: 1642 of 30000
elapsed time: 1650 of 30000
elapsed time: 1659 of 30000
elapsed time: 1667 of 30000
elapsed time: 1677 of 30000
elapsed time: 1685 of 30000
elapsed time: 1695 of 30000
elapsed time: 1704 of 30000
elapsed time: 1711 of 30000
elapsed time: 1723 of 30000
elapsed time: 1733 of 30000
elapsed time: 1740 of 30000
elapsed time: 1750 of 30000
elapsed time: 1760 of 30000
elapsed time: 1769 of 30000
elapsed time: 1777 of 30000
elapsed time: 1787 of 30000
elapsed time: 1797 of 30000
elapsed time: 1808 of 30000
elapsed time: 1814 of 30000
elapsed time: 1822 of 30000
elapsed time: 1830 of 30000
elapsed time: 1841 of 30000
elapsed time: 1855 of 30000
elapsed time: 1861 of 30000
elapsed time: 1865 of 30000
elapsed time: 1875 of 30000
elapsed time: 1879 of 30000
elapsed time: 1890 of 30000
elapsed time: 1898 of 30000
elapsed time: 1908 of 30000
elapsed time: 1915 of 30000
elapsed time: 1922 of 30000
elapsed time: 1929 of 30000
elapsed time: 1936 of 30000
elapsed time: 1944 of 30000
elapsed time: 1950 of 30000
elapsed time: 1955 of 30000
elapsed time: 1966 of 30000
elapsed time: 1972 of 30000
elapsed time: 1979 of 30000
elapsed time: 1989 of 30000
elapsed time: 1995 of 30000
elapsed time: 2004 of 30000
elapsed time: 2016 of 30000
elapsed time: 2023 of 30000
elapsed time: 2033 of 30000
elapsed time: 2035 of 30000
elapsed time: 2041 of 30000
elapsed time: 2049 of 30000
elapsed time: 2056 of 30000
elapsed time: 2060 of 30000
elapsed time: 2066 of 30000
elapsed time: 2079 of 30000
elapsed time: 2086 of 30000
elapsed time: 2094 of 30000
elapsed time: 2098 of 30000
elapsed time: 2109 of 30000
elapsed time: 2115 of 30000
elapsed time: 2123 of 30000
elapsed time: 2130 of 30000
elapsed time: 2137 of 30000
elapsed time: 2144 of 30000
elapsed time: 2151 of 30000
elapsed time: 2158 of 30000
elapsed time: 2164 of 30000
elapsed time: 2173 of 30000
elapsed time: 2179 of 30000
elapsed time: 2188 of 30000
elapsed time: 2196 of 30000
elapsed time: 2203 of 30000
elapsed time: 2208 of 30000
elapsed time: 2219 of 30000
elapsed time: 2227 of 30000
elapsed time: 2234 of 30000
elapsed time: 2239 of 30000
elapsed time: 2247 of 30000
elapsed time: 2255 of 30000
elapsed time: 2261 of 30000
elapsed time: 2271 of 30000
elapsed time: 2278 of 30000
elapsed time: 2282 of 30000
elapsed time: 2293 of 30000
elapsed time: 2301 of 30000
elapsed time: 2309 of 30000
elapsed time: 2314 of 30000
elapsed time: 2320 of 30000
elapsed time: 2330 of 30000
elapsed time: 2338 of 30000
elapsed time: 2346 of 30000
elapsed time: 2352 of 30000
elapsed time: 2359 of 30000
elapsed time: 2367 of 30000
elapsed time: 2373 of 30000
elapsed time: 2379 of 30000
elapsed time: 2385 of 30000
elapsed time: 2394 of 30000
elapsed time: 2401 of 30000
elapsed time: 2409 of 30000
elapsed time: 2417 of 30000
elapsed time: 2426 of 30000
elapsed time: 2434 of 30000
elapsed time: 2441 of 30000
elapsed time: 2449 of 30000
elapsed time: 2456 of 30000
elapsed time: 2464 of 30000
elapsed time: 2470 of 30000
elapsed time: 2478 of 30000
elapsed time: 2482 of 30000
elapsed time: 2492 of 30000
elapsed time: 2499 of 30000
elapsed time: 2506 of 30000
elapsed time: 2511 of 30000
elapsed time: 2518 of 30000
elapsed time: 2529 of 30000
elapsed time: 2535 of 30000
elapsed time: 2543 of 30000
elapsed time: 2550 of 30000
elapsed time: 2557 of 30000
elapsed time: 2561 of 30000
elapsed time: 2567 of 30000
elapsed time: 2578 of 30000
elapsed time: 2582 of 30000
elapsed time: 2593 of 30000
elapsed time: 2598 of 30000
elapsed time: 2604 of 30000
elapsed time: 2615 of 30000
elapsed time: 2623 of 30000
elapsed time: 2634 of 30000
elapsed time: 2641 of 30000
elapsed time: 2648 of 30000
elapsed time: 2651 of 30000
elapsed time: 2660 of 30000
elapsed time: 2666 of 30000
elapsed time: 2676 of 30000
elapsed time: 2684 of 30000
elapsed time: 2695 of 30000
elapsed time: 2703 of 30000
elapsed time: 2710 of 30000
elapsed time: 2720 of 30000
elapsed time: 2728 of 30000
elapsed time: 2737 of 30000
elapsed time: 2745 of 30000
elapsed time: 2753 of 30000
elapsed time: 2764 of 30000
elapsed time: 2774 of 30000
elapsed time: 2780 of 30000
elapsed time: 2791 of 30000
elapsed time: 2804 of 30000
elapsed time: 2814 of 30000
elapsed time: 2825 of 30000
elapsed time: 2835 of 30000
elapsed time: 2846 of 30000
elapsed time: 2855 of 30000
elapsed time: 2862 of 30000
elapsed time: 2878 of 30000
elapsed time: 2890 of 30000
elapsed time: 2900 of 30000
elapsed time: 2911 of 30000
elapsed time: 2926 of 30000
elapsed time: 2935 of 30000
elapsed time: 2943 of 30000
elapsed time: 2954 of 30000
elapsed time: 2972 of 30000
elapsed time: 2979 of 30000
elapsed time: 2987 of 30000
elapsed time: 3000 of 30000
elapsed time: 3010 of 30000
elapsed time: 3020 of 30000
elapsed time: 3028 of 30000
elapsed time: 3039 of 30000
elapsed time: 3048 of 30000
elapsed time: 3056 of 30000
elapsed time: 3066 of 30000
elapsed time: 3073 of 30000
elapsed time: 3082 of 30000
elapsed time: 3089 of 30000
elapsed time: 3098 of 30000
elapsed time: 3105 of 30000
elapsed time: 3114 of 30000
elapsed time: 3121 of 30000
elapsed time: 3128 of 30000
elapsed time: 3137 of 30000
elapsed time: 3146 of 30000
elapsed time: 3152 of 30000
elapsed time: 3161 of 30000
elapsed time: 3168 of 30000
elapsed time: 3176 of 30000
elapsed time: 3185 of 30000
elapsed time: 3194 of 30000
elapsed time: 3202 of 30000
elapsed time: 3211 of 30000
elapsed time: 3219 of 30000
elapsed time: 3228 of 30000
elapsed time: 3236 of 30000
elapsed time: 3244 of 30000
elapsed time: 3253 of 30000
elapsed time: 3261 of 30000
elapsed time: 3269 of 30000
elapsed time: 3276 of 30000
elapsed time: 3283 of 30000
elapsed time: 3291 of 30000
elapsed time: 3296 of 30000
elapsed time: 3307 of 30000
elapsed time: 3318 of 30000
elapsed time: 3327 of 30000
elapsed time: 3335 of 30000
elapsed time: 3342 of 30000
elapsed time: 3350 of 30000
elapsed time: 3355 of 30000
elapsed time: 3361 of 30000
elapsed time: 3372 of 30000
elapsed time: 3380 of 30000
elapsed time: 3388 of 30000
elapsed time: 3395 of 30000
elapsed time: 3404 of 30000
elapsed time: 3414 of 30000
elapsed time: 3421 of 30000
elapsed time: 3430 of 30000
elapsed time: 3439 of 30000
elapsed time: 3449 of 30000
elapsed time: 3457 of 30000
elapsed time: 3467 of 30000
elapsed time: 3473 of 30000
elapsed time: 3482 of 30000
elapsed time: 3490 of 30000
elapsed time: 3494 of 30000
elapsed time: 3503 of 30000
elapsed time: 3510 of 30000
elapsed time: 3519 of 30000
elapsed time: 3527 of 30000
elapsed time: 3535 of 30000
elapsed time: 3543 of 30000
elapsed time: 3550 of 30000
elapsed time: 3560 of 30000
elapsed time: 3567 of 30000
elapsed time: 3576 of 30000
elapsed time: 3583 of 30000
elapsed time: 3588 of 30000
elapsed time: 3594 of 30000
elapsed time: 3602 of 30000
elapsed time: 3610 of 30000
elapsed time: 3617 of 30000
elapsed time: 3628 of 30000
elapsed time: 3640 of 30000
elapsed time: 3649 of 30000
elapsed time: 3657 of 30000
elapsed time: 3665 of 30000
elapsed time: 3672 of 30000
elapsed time: 3682 of 30000
elapsed time: 3690 of 30000
elapsed time: 3696 of 30000
elapsed time: 3702 of 30000
elapsed time: 3711 of 30000
elapsed time: 3720 of 30000
elapsed time: 3728 of 30000
elapsed time: 3736 of 30000
elapsed time: 3746 of 30000
elapsed time: 3755 of 30000
elapsed time: 3761 of 30000
elapsed time: 3767 of 30000
elapsed time: 3778 of 30000
elapsed time: 3785 of 30000
elapsed time: 3790 of 30000
elapsed time: 3799 of 30000
elapsed time: 3807 of 30000
elapsed time: 3816 of 30000
elapsed time: 3821 of 30000
elapsed time: 3832 of 30000
elapsed time: 3838 of 30000
elapsed time: 3848 of 30000
elapsed time: 3856 of 30000
elapsed time: 3866 of 30000
elapsed time: 3874 of 30000
elapsed time: 3884 of 30000
elapsed time: 3890 of 30000
elapsed time: 3897 of 30000
elapsed time: 3906 of 30000
elapsed time: 3912 of 30000
elapsed time: 3921 of 30000
elapsed time: 3929 of 30000
elapsed time: 3939 of 30000
elapsed time: 3944 of 30000
elapsed time: 3954 of 30000
elapsed time: 3961 of 30000
elapsed time: 3970 of 30000
elapsed time: 3978 of 30000
elapsed time: 3985 of 30000
elapsed time: 3993 of 30000
elapsed time: 4002 of 30000
elapsed time: 4012 of 30000
elapsed time: 4017 of 30000
elapsed time: 4028 of 30000
elapsed time: 4035 of 30000
elapsed time: 4044 of 30000
elapsed time: 4057 of 30000
elapsed time: 4063 of 30000
elapsed time: 4074 of 30000
elapsed time: 4078 of 30000
elapsed time: 4089 of 30000
elapsed time: 4097 of 30000
elapsed time: 4107 of 30000
elapsed time: 4115 of 30000
elapsed time: 4123 of 30000
elapsed time: 4130 of 30000
elapsed time: 4139 of 30000
elapsed time: 4148 of 30000
elapsed time: 4155 of 30000
elapsed time: 4161 of 30000
elapsed time: 4170 of 30000
elapsed time: 4178 of 30000
elapsed time: 4188 of 30000
elapsed time: 4196 of 30000
elapsed time: 4204 of 30000
elapsed time: 4211 of 30000
elapsed time: 4217 of 30000
elapsed time: 4229 of 30000
elapsed time: 4237 of 30000
elapsed time: 4243 of 30000
elapsed time: 4250 of 30000
elapsed time: 4260 of 30000
elapsed time: 4269 of 30000
elapsed time: 4277 of 30000
elapsed time: 4285 of 30000
elapsed time: 4294 of 30000
elapsed time: 4303 of 30000
elapsed time: 4309 of 30000
elapsed time: 4318 of 30000
elapsed time: 4326 of 30000
elapsed time: 4334 of 30000
elapsed time: 4342 of 30000
elapsed time: 4351 of 30000
elapsed time: 4358 of 30000
elapsed time: 4365 of 30000
elapsed time: 4372 of 30000
elapsed time: 4382 of 30000
elapsed time: 4389 of 30000
elapsed time: 4399 of 30000
elapsed time: 4407 of 30000
elapsed time: 4413 of 30000
elapsed time: 4421 of 30000
elapsed time: 4428 of 30000
elapsed time: 4436 of 30000
elapsed time: 4445 of 30000
elapsed time: 4454 of 30000
elapsed time: 4461 of 30000
elapsed time: 4470 of 30000
elapsed time: 4477 of 30000
elapsed time: 4484 of 30000
elapsed time: 4492 of 30000
elapsed time: 4501 of 30000
elapsed time: 4509 of 30000
elapsed time: 4518 of 30000
elapsed time: 4525 of 30000
elapsed time: 4530 of 30000
elapsed time: 4541 of 30000
elapsed time: 4545 of 30000
elapsed time: 4558 of 30000
elapsed time: 4567 of 30000
elapsed time: 4575 of 30000
elapsed time: 4584 of 30000
elapsed time: 4591 of 30000
elapsed time: 4597 of 30000
elapsed time: 4606 of 30000
elapsed time: 4612 of 30000
elapsed time: 4622 of 30000
elapsed time: 4628 of 30000
elapsed time: 4637 of 30000
elapsed time: 4647 of 30000
elapsed time: 4658 of 30000
elapsed time: 4663 of 30000
elapsed time: 4674 of 30000
elapsed time: 4682 of 30000
elapsed time: 4689 of 30000
elapsed time: 4699 of 30000
elapsed time: 4707 of 30000
elapsed time: 4715 of 30000
elapsed time: 4721 of 30000
elapsed time: 4728 of 30000
elapsed time: 4738 of 30000
elapsed time: 4746 of 30000
elapsed time: 4754 of 30000
elapsed time: 4762 of 30000
elapsed time: 4767 of 30000
elapsed time: 4776 of 30000
elapsed time: 4783 of 30000
elapsed time: 4790 of 30000
elapsed time: 4795 of 30000
elapsed time: 4804 of 30000
elapsed time: 4810 of 30000
elapsed time: 4818 of 30000
elapsed time: 4822 of 30000
elapsed time: 4828 of 30000
elapsed time: 4839 of 30000
elapsed time: 4845 of 30000
elapsed time: 4853 of 30000
elapsed time: 4865 of 30000
elapsed time: 4868 of 30000
elapsed time: 4877 of 30000
elapsed time: 4887 of 30000
elapsed time: 4895 of 30000
elapsed time: 4903 of 30000
elapsed time: 4915 of 30000
elapsed time: 4922 of 30000
elapsed time: 4930 of 30000
elapsed time: 4936 of 30000
elapsed time: 4943 of 30000
elapsed time: 4950 of 30000
elapsed time: 4958 of 30000
elapsed time: 4963 of 30000
elapsed time: 4969 of 30000
elapsed time: 4979 of 30000
elapsed time: 4984 of 30000
elapsed time: 4994 of 30000
elapsed time: 5002 of 30000
elapsed time: 5005 of 30000
elapsed time: 5017 of 30000
elapsed time: 5023 of 30000
elapsed time: 5031 of 30000
elapsed time: 5038 of 30000
elapsed time: 5046 of 30000
elapsed time: 5052 of 30000
elapsed time: 5060 of 30000
elapsed time: 5067 of 30000
elapsed time: 5078 of 30000
elapsed time: 5081 of 30000
elapsed time: 5090 of 30000
elapsed time: 5094 of 30000
elapsed time: 5102 of 30000
elapsed time: 5113 of 30000
elapsed time: 5121 of 30000
elapsed time: 5128 of 30000
elapsed time: 5135 of 30000
elapsed time: 5142 of 30000
elapsed time: 5147 of 30000
elapsed time: 5153 of 30000
elapsed time: 5162 of 30000
elapsed time: 5167 of 30000
elapsed time: 5178 of 30000
elapsed time: 5182 of 30000
elapsed time: 5193 of 30000
elapsed time: 5200 of 30000
elapsed time: 5207 of 30000
elapsed time: 5217 of 30000
elapsed time: 5224 of 30000
elapsed time: 5228 of 30000
elapsed time: 5238 of 30000
elapsed time: 5244 of 30000
elapsed time: 5252 of 30000
elapsed time: 5260 of 30000
elapsed time: 5267 of 30000
elapsed time: 5278 of 30000
elapsed time: 5285 of 30000
elapsed time: 5294 of 30000
elapsed time: 5302 of 30000
elapsed time: 5308 of 30000
elapsed time: 5316 of 30000
elapsed time: 5320 of 30000
elapsed time: 5329 of 30000
elapsed time: 5336 of 30000
elapsed time: 5345 of 30000
elapsed time: 5352 of 30000
elapsed time: 5358 of 30000
elapsed time: 5365 of 30000
elapsed time: 5372 of 30000
elapsed time: 5377 of 30000
elapsed time: 5386 of 30000
elapsed time: 5393 of 30000
elapsed time: 5400 of 30000
elapsed time: 5407 of 30000
elapsed time: 5412 of 30000
elapsed time: 5421 of 30000
elapsed time: 5428 of 30000
elapsed time: 5435 of 30000
elapsed time: 5443 of 30000
elapsed time: 5446 of 30000
elapsed time: 5456 of 30000
elapsed time: 5464 of 30000
elapsed time: 5471 of 30000
elapsed time: 5479 of 30000
elapsed time: 5488 of 30000
elapsed time: 5495 of 30000
elapsed time: 5499 of 30000
elapsed time: 5509 of 30000
elapsed time: 5518 of 30000
elapsed time: 5521 of 30000
elapsed time: 5529 of 30000
elapsed time: 5539 of 30000
elapsed time: 5545 of 30000
elapsed time: 5554 of 30000
elapsed time: 5560 of 30000
elapsed time: 5569 of 30000
elapsed time: 5575 of 30000
elapsed time: 5583 of 30000
elapsed time: 5590 of 30000
elapsed time: 5597 of 30000
elapsed time: 5604 of 30000
elapsed time: 5629 of 30000
elapsed time: 5649 of 30000
elapsed time: 5669 of 30000
elapsed time: 5682 of 30000
elapsed time: 5698 of 30000
elapsed time: 5711 of 30000
elapsed time: 5721 of 30000
elapsed time: 5727 of 30000
elapsed time: 5734 of 30000
elapsed time: 5741 of 30000
elapsed time: 5750 of 30000
elapsed time: 5757 of 30000
elapsed time: 5765 of 30000
elapsed time: 5772 of 30000
elapsed time: 5779 of 30000
elapsed time: 5786 of 30000
elapsed time: 5794 of 30000
elapsed time: 5801 of 30000
elapsed time: 5807 of 30000
elapsed time: 5815 of 30000
elapsed time: 5821 of 30000
elapsed time: 5828 of 30000
elapsed time: 5835 of 30000
elapsed time: 5843 of 30000
elapsed time: 5849 of 30000
elapsed time: 5855 of 30000
elapsed time: 5862 of 30000
elapsed time: 5869 of 30000
elapsed time: 5876 of 30000
elapsed time: 5883 of 30000
elapsed time: 5891 of 30000
elapsed time: 5895 of 30000
elapsed time: 5905 of 30000
elapsed time: 5912 of 30000
elapsed time: 5920 of 30000
elapsed time: 5928 of 30000
elapsed time: 5935 of 30000
elapsed time: 5942 of 30000
elapsed time: 5948 of 30000
elapsed time: 5957 of 30000
elapsed time: 5959 of 30000
elapsed time: 5971 of 30000
elapsed time: 5978 of 30000
elapsed time: 5985 of 30000
elapsed time: 5994 of 30000
elapsed time: 5998 of 30000
elapsed time: 6006 of 30000
elapsed time: 6012 of 30000
elapsed time: 6022 of 30000
elapsed time: 6033 of 30000
elapsed time: 6041 of 30000
elapsed time: 6051 of 30000
elapsed time: 6063 of 30000
elapsed time: 6072 of 30000
elapsed time: 6083 of 30000
elapsed time: 6091 of 30000
elapsed time: 6096 of 30000
elapsed time: 6106 of 30000
elapsed time: 6118 of 30000
elapsed time: 6132 of 30000
elapsed time: 6143 of 30000
elapsed time: 6149 of 30000
elapsed time: 6161 of 30000
elapsed time: 6169 of 30000
elapsed time: 6176 of 30000
elapsed time: 6181 of 30000
elapsed time: 6192 of 30000
elapsed time: 6195 of 30000
elapsed time: 6205 of 30000
elapsed time: 6211 of 30000
elapsed time: 6220 of 30000
elapsed time: 6230 of 30000
elapsed time: 6238 of 30000
elapsed time: 6249 of 30000
elapsed time: 6257 of 30000
elapsed time: 6264 of 30000
elapsed time: 6276 of 30000
elapsed time: 6280 of 30000
elapsed time: 6290 of 30000
elapsed time: 6300 of 30000
elapsed time: 6307 of 30000
elapsed time: 6319 of 30000
elapsed time: 6325 of 30000
elapsed time: 6330 of 30000
elapsed time: 6338 of 30000
elapsed time: 6347 of 30000
elapsed time: 6358 of 30000
elapsed time: 6363 of 30000
elapsed time: 6369 of 30000
elapsed time: 6377 of 30000
elapsed time: 6387 of 30000
elapsed time: 6397 of 30000
elapsed time: 6400 of 30000
elapsed time: 6412 of 30000
elapsed time: 6418 of 30000
elapsed time: 6424 of 30000
elapsed time: 6429 of 30000
elapsed time: 6438 of 30000
elapsed time: 6446 of 30000
elapsed time: 6453 of 30000
elapsed time: 6459 of 30000
elapsed time: 6466 of 30000
elapsed time: 6472 of 30000
elapsed time: 6481 of 30000
elapsed time: 6490 of 30000
elapsed time: 6497 of 30000
elapsed time: 6504 of 30000
elapsed time: 6513 of 30000
elapsed time: 6523 of 30000
elapsed time: 6533 of 30000
elapsed time: 6542 of 30000
elapsed time: 6553 of 30000
elapsed time: 6563 of 30000
elapsed time: 6571 of 30000
elapsed time: 6578 of 30000
elapsed time: 6585 of 30000
elapsed time: 6592 of 30000
elapsed time: 6599 of 30000
elapsed time: 6606 of 30000
elapsed time: 6612 of 30000
elapsed time: 6620 of 30000
elapsed time: 6628 of 30000
elapsed time: 6635 of 30000
elapsed time: 6642 of 30000
elapsed time: 6650 of 30000
elapsed time: 6656 of 30000
elapsed time: 6663 of 30000
elapsed time: 6666 of 30000
elapsed time: 6678 of 30000
elapsed time: 6684 of 30000
elapsed time: 6692 of 30000
elapsed time: 6700 of 30000
elapsed time: 6709 of 30000
elapsed time: 6716 of 30000
elapsed time: 6723 of 30000
elapsed time: 6729 of 30000
elapsed time: 6738 of 30000
elapsed time: 6746 of 30000
elapsed time: 6753 of 30000
elapsed time: 6761 of 30000
elapsed time: 6767 of 30000
elapsed time: 6776 of 30000
elapsed time: 6783 of 30000
elapsed time: 6791 of 30000
elapsed time: 6796 of 30000
elapsed time: 6802 of 30000
elapsed time: 6812 of 30000
elapsed time: 6820 of 30000
elapsed time: 6829 of 30000
elapsed time: 6836 of 30000
elapsed time: 6844 of 30000
elapsed time: 6853 of 30000
elapsed time: 6861 of 30000
elapsed time: 6870 of 30000
elapsed time: 6879 of 30000
elapsed time: 6886 of 30000
elapsed time: 6895 of 30000
elapsed time: 6902 of 30000
elapsed time: 6913 of 30000
elapsed time: 6920 of 30000
elapsed time: 6928 of 30000
elapsed time: 6933 of 30000
elapsed time: 6944 of 30000
elapsed time: 6952 of 30000
elapsed time: 6961 of 30000
elapsed time: 6970 of 30000
elapsed time: 6977 of 30000
elapsed time: 6986 of 30000
elapsed time: 6995 of 30000
elapsed time: 7002 of 30000
elapsed time: 7012 of 30000
elapsed time: 7023 of 30000
elapsed time: 7031 of 30000
elapsed time: 7038 of 30000
elapsed time: 7045 of 30000
elapsed time: 7054 of 30000
elapsed time: 7061 of 30000
elapsed time: 7069 of 30000
elapsed time: 7078 of 30000
elapsed time: 7085 of 30000
elapsed time: 7094 of 30000
elapsed time: 7101 of 30000
elapsed time: 7111 of 30000
elapsed time: 7120 of 30000
elapsed time: 7129 of 30000
elapsed time: 7137 of 30000
elapsed time: 7145 of 30000
elapsed time: 7153 of 30000
elapsed time: 7161 of 30000
elapsed time: 7169 of 30000
elapsed time: 7176 of 30000
elapsed time: 7184 of 30000
elapsed time: 7192 of 30000
elapsed time: 7199 of 30000
elapsed time: 7209 of 30000
elapsed time: 7217 of 30000
elapsed time: 7226 of 30000
elapsed time: 7233 of 30000
elapsed time: 7241 of 30000
elapsed time: 7249 of 30000
elapsed time: 7258 of 30000
elapsed time: 7266 of 30000
elapsed time: 7276 of 30000
elapsed time: 7280 of 30000
elapsed time: 7289 of 30000
elapsed time: 7296 of 30000
elapsed time: 7308 of 30000
elapsed time: 7319 of 30000
elapsed time: 7327 of 30000
elapsed time: 7337 of 30000
elapsed time: 7346 of 30000
elapsed time: 7351 of 30000
elapsed time: 7362 of 30000
elapsed time: 7372 of 30000
elapsed time: 7380 of 30000
elapsed time: 7388 of 30000
elapsed time: 7396 of 30000
elapsed time: 7403 of 30000
elapsed time: 7412 of 30000
elapsed time: 7420 of 30000
elapsed time: 7428 of 30000
elapsed time: 7438 of 30000
elapsed time: 7446 of 30000
elapsed time: 7454 of 30000
elapsed time: 7461 of 30000
elapsed time: 7470 of 30000
elapsed time: 7478 of 30000
elapsed time: 7486 of 30000
elapsed time: 7494 of 30000
elapsed time: 7499 of 30000
elapsed time: 7508 of 30000
elapsed time: 7520 of 30000
elapsed time: 7529 of 30000
elapsed time: 7538 of 30000
elapsed time: 7547 of 30000
elapsed time: 7557 of 30000
elapsed time: 7563 of 30000
elapsed time: 7571 of 30000
elapsed time: 7582 of 30000
elapsed time: 7589 of 30000
elapsed time: 7597 of 30000
elapsed time: 7604 of 30000
elapsed time: 7612 of 30000
elapsed time: 7620 of 30000
elapsed time: 7628 of 30000
elapsed time: 7635 of 30000
elapsed time: 7644 of 30000
elapsed time: 7651 of 30000
elapsed time: 7660 of 30000
elapsed time: 7668 of 30000
elapsed time: 7676 of 30000
elapsed time: 7686 of 30000
elapsed time: 7694 of 30000
elapsed time: 7699 of 30000
elapsed time: 7711 of 30000
elapsed time: 7719 of 30000
elapsed time: 7729 of 30000
elapsed time: 7736 of 30000
elapsed time: 7748 of 30000
elapsed time: 7757 of 30000
elapsed time: 7763 of 30000
elapsed time: 7772 of 30000
elapsed time: 7782 of 30000
elapsed time: 7783 of 30000
elapsed time: 7789 of 30000
elapsed time: 7794 of 30000
elapsed time: 7805 of 30000
elapsed time: 7811 of 30000
elapsed time: 7818 of 30000
elapsed time: 7829 of 30000
elapsed time: 7837 of 30000
elapsed time: 7846 of 30000
elapsed time: 7849 of 30000
elapsed time: 7861 of 30000
elapsed time: 7869 of 30000
elapsed time: 7878 of 30000
elapsed time: 7879 of 30000
elapsed time: 7891 of 30000
elapsed time: 7897 of 30000
elapsed time: 7902 of 30000
elapsed time: 7912 of 30000
elapsed time: 7920 of 30000
elapsed time: 7927 of 30000
elapsed time: 7931 of 30000
elapsed time: 7941 of 30000
elapsed time: 7949 of 30000
elapsed time: 7954 of 30000
elapsed time: 7965 of 30000
elapsed time: 7971 of 30000
elapsed time: 7978 of 30000
elapsed time: 7984 of 30000
elapsed time: 7993 of 30000
elapsed time: 8000 of 30000
elapsed time: 8008 of 30000
elapsed time: 8015 of 30000
elapsed time: 8022 of 30000
elapsed time: 8029 of 30000
elapsed time: 8033 of 30000
elapsed time: 8043 of 30000
elapsed time: 8051 of 30000
elapsed time: 8055 of 30000
elapsed time: 8062 of 30000
elapsed time: 8069 of 30000
elapsed time: 8075 of 30000
elapsed time: 8084 of 30000
elapsed time: 8089 of 30000
elapsed time: 8097 of 30000
elapsed time: 8100 of 30000
elapsed time: 8110 of 30000
elapsed time: 8117 of 30000
elapsed time: 8121 of 30000
elapsed time: 8134 of 30000
elapsed time: 8142 of 30000
elapsed time: 8150 of 30000
elapsed time: 8156 of 30000
elapsed time: 8165 of 30000
elapsed time: 8173 of 30000
elapsed time: 8180 of 30000
elapsed time: 8187 of 30000
elapsed time: 8194 of 30000
elapsed time: 8202 of 30000
elapsed time: 8206 of 30000
elapsed time: 8216 of 30000
elapsed time: 8222 of 30000
elapsed time: 8229 of 30000
elapsed time: 8236 of 30000
elapsed time: 8245 of 30000
elapsed time: 8253 of 30000
elapsed time: 8262 of 30000
elapsed time: 8272 of 30000
elapsed time: 8279 of 30000
elapsed time: 8287 of 30000
elapsed time: 8294 of 30000
elapsed time: 8296 of 30000
elapsed time: 8304 of 30000
elapsed time: 8311 of 30000
elapsed time: 8320 of 30000
elapsed time: 8326 of 30000
elapsed time: 8336 of 30000
elapsed time: 8349 of 30000
elapsed time: 8357 of 30000
elapsed time: 8363 of 30000
elapsed time: 8377 of 30000
elapsed time: 8384 of 30000
elapsed time: 8388 of 30000
elapsed time: 8395 of 30000
elapsed time: 8405 of 30000
elapsed time: 8413 of 30000
elapsed time: 8419 of 30000
elapsed time: 8426 of 30000
elapsed time: 8434 of 30000
elapsed time: 8441 of 30000
elapsed time: 8444 of 30000
elapsed time: 8456 of 30000
elapsed time: 8463 of 30000
elapsed time: 8468 of 30000
elapsed time: 8477 of 30000
elapsed time: 8484 of 30000
elapsed time: 8491 of 30000
elapsed time: 8494 of 30000
elapsed time: 8502 of 30000
elapsed time: 8511 of 30000
elapsed time: 8520 of 30000
elapsed time: 8528 of 30000
elapsed time: 8535 of 30000
elapsed time: 8538 of 30000
elapsed time: 8549 of 30000
elapsed time: 8556 of 30000
elapsed time: 8565 of 30000
elapsed time: 8571 of 30000
elapsed time: 8577 of 30000
elapsed time: 8585 of 30000
elapsed time: 8592 of 30000
elapsed time: 8597 of 30000
elapsed time: 8607 of 30000
elapsed time: 8612 of 30000
elapsed time: 8618 of 30000
elapsed time: 8624 of 30000
elapsed time: 8629 of 30000
elapsed time: 8639 of 30000
elapsed time: 8647 of 30000
elapsed time: 8654 of 30000
elapsed time: 8661 of 30000
elapsed time: 8665 of 30000
elapsed time: 8675 of 30000
elapsed time: 8680 of 30000
elapsed time: 8690 of 30000
elapsed time: 8696 of 30000
elapsed time: 8703 of 30000
elapsed time: 8711 of 30000
elapsed time: 8719 of 30000
elapsed time: 8722 of 30000
elapsed time: 8733 of 30000
elapsed time: 8743 of 30000
elapsed time: 8748 of 30000
elapsed time: 8758 of 30000
elapsed time: 8768 of 30000
elapsed time: 8775 of 30000
elapsed time: 8783 of 30000
elapsed time: 8789 of 30000
elapsed time: 8796 of 30000
elapsed time: 8804 of 30000
elapsed time: 8810 of 30000
elapsed time: 8816 of 30000
elapsed time: 8825 of 30000
elapsed time: 8831 of 30000
elapsed time: 8836 of 30000
elapsed time: 8847 of 30000
elapsed time: 8850 of 30000
elapsed time: 8859 of 30000
elapsed time: 8863 of 30000
elapsed time: 8871 of 30000
elapsed time: 8881 of 30000
elapsed time: 8888 of 30000
elapsed time: 8896 of 30000
elapsed time: 8906 of 30000
elapsed time: 8914 of 30000
elapsed time: 8922 of 30000
elapsed time: 8930 of 30000
elapsed time: 8937 of 30000
elapsed time: 8946 of 30000
elapsed time: 8954 of 30000
elapsed time: 8962 of 30000
elapsed time: 8968 of 30000
elapsed time: 8976 of 30000
elapsed time: 8987 of 30000
elapsed time: 8994 of 30000
elapsed time: 9002 of 30000
elapsed time: 9012 of 30000
elapsed time: 9019 of 30000
elapsed time: 9029 of 30000
elapsed time: 9040 of 30000
elapsed time: 9044 of 30000
elapsed time: 9055 of 30000
elapsed time: 9062 of 30000
elapsed time: 9072 of 30000
elapsed time: 9079 of 30000
elapsed time: 9088 of 30000
elapsed time: 9096 of 30000
elapsed time: 9105 of 30000
elapsed time: 9111 of 30000
elapsed time: 9120 of 30000
elapsed time: 9130 of 30000
elapsed time: 9137 of 30000
elapsed time: 9147 of 30000
elapsed time: 9153 of 30000
elapsed time: 9163 of 30000
elapsed time: 9167 of 30000
elapsed time: 9180 of 30000
elapsed time: 9187 of 30000
elapsed time: 9193 of 30000
elapsed time: 9200 of 30000
elapsed time: 9210 of 30000
elapsed time: 9217 of 30000
elapsed time: 9226 of 30000
elapsed time: 9233 of 30000
elapsed time: 9242 of 30000
elapsed time: 9246 of 30000
elapsed time: 9259 of 30000
elapsed time: 9264 of 30000
elapsed time: 9270 of 30000
elapsed time: 9279 of 30000
elapsed time: 9289 of 30000
elapsed time: 9295 of 30000
elapsed time: 9302 of 30000
elapsed time: 9311 of 30000
elapsed time: 9318 of 30000
elapsed time: 9329 of 30000
elapsed time: 9336 of 30000
elapsed time: 9345 of 30000
elapsed time: 9357 of 30000
elapsed time: 9363 of 30000
elapsed time: 9374 of 30000
elapsed time: 9383 of 30000
elapsed time: 9390 of 30000
elapsed time: 9400 of 30000
elapsed time: 9407 of 30000
elapsed time: 9413 of 30000
elapsed time: 9423 of 30000
elapsed time: 9430 of 30000
elapsed time: 9440 of 30000
elapsed time: 9446 of 30000
elapsed time: 9456 of 30000
elapsed time: 9462 of 30000
elapsed time: 9472 of 30000
elapsed time: 9480 of 30000
elapsed time: 9483 of 30000
elapsed time: 9492 of 30000
elapsed time: 9500 of 30000
elapsed time: 9504 of 30000
elapsed time: 9514 of 30000
elapsed time: 9524 of 30000
elapsed time: 9529 of 30000
elapsed time: 9539 of 30000
elapsed time: 9545 of 30000
elapsed time: 9556 of 30000
elapsed time: 9566 of 30000
elapsed time: 9574 of 30000
elapsed time: 9584 of 30000
elapsed time: 9591 of 30000
elapsed time: 9599 of 30000
elapsed time: 9607 of 30000
elapsed time: 9615 of 30000
elapsed time: 9625 of 30000
elapsed time: 9632 of 30000
elapsed time: 9642 of 30000
elapsed time: 9648 of 30000
elapsed time: 9657 of 30000
elapsed time: 9663 of 30000
elapsed time: 9673 of 30000
elapsed time: 9679 of 30000
elapsed time: 9688 of 30000
elapsed time: 9698 of 30000
elapsed time: 9706 of 30000
elapsed time: 9714 of 30000
elapsed time: 9720 of 30000
elapsed time: 9730 of 30000
elapsed time: 9738 of 30000
elapsed time: 9744 of 30000
elapsed time: 9758 of 30000
elapsed time: 9767 of 30000
elapsed time: 9775 of 30000
elapsed time: 9785 of 30000
elapsed time: 9794 of 30000
elapsed time: 9803 of 30000
elapsed time: 9811 of 30000
elapsed time: 9819 of 30000
elapsed time: 9827 of 30000
elapsed time: 9835 of 30000
elapsed time: 9843 of 30000
elapsed time: 9849 of 30000
elapsed time: 9858 of 30000
elapsed time: 9866 of 30000
elapsed time: 9875 of 30000
elapsed time: 9878 of 30000
elapsed time: 9886 of 30000
elapsed time: 9897 of 30000
elapsed time: 9904 of 30000
elapsed time: 9914 of 30000
elapsed time: 9922 of 30000
elapsed time: 9931 of 30000
elapsed time: 9939 of 30000
elapsed time: 9948 of 30000
elapsed time: 9957 of 30000
elapsed time: 9961 of 30000
elapsed time: 9974 of 30000
elapsed time: 9984 of 30000
elapsed time: 9994 of 30000
elapsed time: 10004 of 30000
elapsed time: 10013 of 30000
elapsed time: 10022 of 30000
elapsed time: 10030 of 30000
elapsed time: 10037 of 30000
elapsed time: 10047 of 30000
elapsed time: 10060 of 30000
elapsed time: 10067 of 30000
elapsed time: 10076 of 30000
elapsed time: 10085 of 30000
elapsed time: 10087 of 30000
elapsed time: 10097 of 30000
elapsed time: 10104 of 30000
elapsed time: 10114 of 30000
elapsed time: 10122 of 30000
elapsed time: 10129 of 30000
elapsed time: 10136 of 30000
elapsed time: 10145 of 30000
elapsed time: 10151 of 30000
elapsed time: 10161 of 30000
elapsed time: 10169 of 30000
elapsed time: 10181 of 30000
elapsed time: 10189 of 30000
elapsed time: 10197 of 30000
elapsed time: 10204 of 30000
elapsed time: 10211 of 30000
elapsed time: 10220 of 30000
elapsed time: 10230 of 30000
elapsed time: 10238 of 30000
elapsed time: 10244 of 30000
elapsed time: 10252 of 30000
elapsed time: 10260 of 30000
elapsed time: 10268 of 30000
elapsed time: 10278 of 30000
elapsed time: 10285 of 30000
elapsed time: 10296 of 30000
elapsed time: 10304 of 30000
elapsed time: 10318 of 30000
elapsed time: 10327 of 30000
elapsed time: 10335 of 30000
elapsed time: 10344 of 30000
elapsed time: 10358 of 30000
elapsed time: 10368 of 30000
elapsed time: 10379 of 30000
elapsed time: 10390 of 30000
elapsed time: 10400 of 30000
elapsed time: 10411 of 30000
elapsed time: 10422 of 30000
elapsed time: 10429 of 30000
elapsed time: 10438 of 30000
elapsed time: 10460 of 30000
elapsed time: 10469 of 30000
elapsed time: 10480 of 30000
elapsed time: 10490 of 30000
elapsed time: 10500 of 30000
elapsed time: 10510 of 30000
elapsed time: 10518 of 30000
elapsed time: 10528 of 30000
elapsed time: 10539 of 30000
elapsed time: 10550 of 30000
elapsed time: 10561 of 30000
elapsed time: 10573 of 30000
elapsed time: 10581 of 30000
elapsed time: 10591 of 30000
elapsed time: 10602 of 30000
elapsed time: 10612 of 30000
elapsed time: 10622 of 30000
elapsed time: 10632 of 30000
elapsed time: 10643 of 30000
elapsed time: 10653 of 30000
elapsed time: 10663 of 30000
elapsed time: 10672 of 30000
elapsed time: 10682 of 30000
elapsed time: 10691 of 30000
elapsed time: 10701 of 30000
elapsed time: 10711 of 30000
elapsed time: 10722 of 30000
elapsed time: 10729 of 30000
elapsed time: 10739 of 30000
elapsed time: 10750 of 30000
elapsed time: 10758 of 30000
elapsed time: 10769 of 30000
elapsed time: 10781 of 30000
elapsed time: 10795 of 30000
elapsed time: 10806 of 30000
elapsed time: 10818 of 30000
elapsed time: 10825 of 30000
elapsed time: 10836 of 30000
elapsed time: 10846 of 30000
elapsed time: 10863 of 30000
elapsed time: 10869 of 30000
elapsed time: 10877 of 30000
elapsed time: 10885 of 30000
elapsed time: 10894 of 30000
elapsed time: 10901 of 30000
elapsed time: 10910 of 30000
elapsed time: 10919 of 30000
elapsed time: 10924 of 30000
elapsed time: 10933 of 30000
elapsed time: 10944 of 30000
elapsed time: 10953 of 30000
elapsed time: 10961 of 30000
elapsed time: 10971 of 30000
elapsed time: 10983 of 30000
elapsed time: 10989 of 30000
elapsed time: 11001 of 30000
elapsed time: 11011 of 30000
elapsed time: 11022 of 30000
elapsed time: 11028 of 30000
elapsed time: 11040 of 30000
elapsed time: 11047 of 30000
elapsed time: 11054 of 30000
elapsed time: 11066 of 30000
elapsed time: 11075 of 30000
elapsed time: 11082 of 30000
elapsed time: 11090 of 30000
elapsed time: 11102 of 30000
elapsed time: 11111 of 30000
elapsed time: 11118 of 30000
elapsed time: 11129 of 30000
elapsed time: 11139 of 30000
elapsed time: 11146 of 30000
elapsed time: 11157 of 30000
elapsed time: 11163 of 30000
elapsed time: 11173 of 30000
elapsed time: 11185 of 30000
elapsed time: 11198 of 30000
elapsed time: 11206 of 30000
elapsed time: 11215 of 30000
elapsed time: 11224 of 30000
elapsed time: 11228 of 30000
elapsed time: 11237 of 30000
elapsed time: 11249 of 30000
elapsed time: 11258 of 30000
elapsed time: 11267 of 30000
elapsed time: 11276 of 30000
elapsed time: 11285 of 30000
elapsed time: 11292 of 30000
elapsed time: 11302 of 30000
elapsed time: 11310 of 30000
elapsed time: 11320 of 30000
elapsed time: 11328 of 30000
elapsed time: 11336 of 30000
elapsed time: 11345 of 30000
elapsed time: 11355 of 30000
elapsed time: 11365 of 30000
elapsed time: 11377 of 30000
elapsed time: 11385 of 30000
elapsed time: 11394 of 30000
elapsed time: 11402 of 30000
elapsed time: 11413 of 30000
elapsed time: 11419 of 30000
elapsed time: 11428 of 30000
elapsed time: 11441 of 30000
elapsed time: 11448 of 30000
elapsed time: 11461 of 30000
elapsed time: 11470 of 30000
elapsed time: 11480 of 30000
elapsed time: 11489 of 30000
elapsed time: 11495 of 30000
elapsed time: 11507 of 30000
elapsed time: 11518 of 30000
elapsed time: 11526 of 30000
elapsed time: 11535 of 30000
elapsed time: 11543 of 30000
elapsed time: 11553 of 30000
elapsed time: 11561 of 30000
elapsed time: 11572 of 30000
elapsed time: 11584 of 30000
elapsed time: 11594 of 30000
elapsed time: 11600 of 30000
elapsed time: 11611 of 30000
elapsed time: 11624 of 30000
elapsed time: 11634 of 30000
elapsed time: 11642 of 30000
elapsed time: 11652 of 30000
elapsed time: 11661 of 30000
elapsed time: 11668 of 30000
elapsed time: 11679 of 30000
elapsed time: 11688 of 30000
elapsed time: 11697 of 30000
elapsed time: 11700 of 30000
elapsed time: 11710 of 30000
elapsed time: 11722 of 30000
elapsed time: 11729 of 30000
elapsed time: 11740 of 30000
elapsed time: 11750 of 30000
elapsed time: 11760 of 30000
elapsed time: 11770 of 30000
elapsed time: 11779 of 30000
elapsed time: 11785 of 30000
elapsed time: 11795 of 30000
elapsed time: 11801 of 30000
elapsed time: 11810 of 30000
elapsed time: 11822 of 30000
elapsed time: 11833 of 30000
elapsed time: 11842 of 30000
elapsed time: 11851 of 30000
elapsed time: 11862 of 30000
elapsed time: 11867 of 30000
elapsed time: 11876 of 30000
elapsed time: 11886 of 30000
elapsed time: 11895 of 30000
elapsed time: 11903 of 30000
elapsed time: 11913 of 30000
elapsed time: 11920 of 30000
elapsed time: 11929 of 30000
elapsed time: 11938 of 30000
elapsed time: 11947 of 30000
elapsed time: 11957 of 30000
elapsed time: 11966 of 30000
elapsed time: 11972 of 30000
elapsed time: 11983 of 30000
elapsed time: 11994 of 30000
elapsed time: 12003 of 30000
elapsed time: 12015 of 30000
elapsed time: 12016 of 30000
elapsed time: 12026 of 30000
elapsed time: 12036 of 30000
elapsed time: 12044 of 30000
elapsed time: 12052 of 30000
elapsed time: 12056 of 30000
elapsed time: 12067 of 30000
elapsed time: 12075 of 30000
elapsed time: 12084 of 30000
elapsed time: 12095 of 30000
elapsed time: 12103 of 30000
elapsed time: 12112 of 30000
elapsed time: 12121 of 30000
elapsed time: 12130 of 30000
elapsed time: 12138 of 30000
elapsed time: 12149 of 30000
elapsed time: 12159 of 30000
elapsed time: 12168 of 30000
elapsed time: 12177 of 30000
elapsed time: 12180 of 30000
elapsed time: 12186 of 30000
elapsed time: 12195 of 30000
elapsed time: 12208 of 30000
elapsed time: 12212 of 30000
elapsed time: 12222 of 30000
elapsed time: 12230 of 30000
elapsed time: 12243 of 30000
elapsed time: 12249 of 30000
elapsed time: 12262 of 30000
elapsed time: 12270 of 30000
elapsed time: 12277 of 30000
elapsed time: 12286 of 30000
elapsed time: 12294 of 30000
elapsed time: 12304 of 30000
elapsed time: 12310 of 30000
elapsed time: 12320 of 30000
elapsed time: 12329 of 30000
elapsed time: 12337 of 30000
elapsed time: 12346 of 30000
elapsed time: 12355 of 30000
elapsed time: 12362 of 30000
elapsed time: 12371 of 30000
elapsed time: 12382 of 30000
elapsed time: 12391 of 30000
elapsed time: 12398 of 30000
elapsed time: 12409 of 30000
elapsed time: 12418 of 30000
elapsed time: 12432 of 30000
elapsed time: 12441 of 30000
elapsed time: 12448 of 30000
elapsed time: 12457 of 30000
elapsed time: 12465 of 30000
elapsed time: 12472 of 30000
elapsed time: 12482 of 30000
elapsed time: 12489 of 30000
elapsed time: 12496 of 30000
elapsed time: 12503 of 30000
elapsed time: 12513 of 30000
elapsed time: 12522 of 30000
elapsed time: 12529 of 30000
elapsed time: 12538 of 30000
elapsed time: 12546 of 30000
elapsed time: 12554 of 30000
elapsed time: 12562 of 30000
elapsed time: 12571 of 30000
elapsed time: 12580 of 30000
elapsed time: 12584 of 30000
elapsed time: 12595 of 30000
elapsed time: 12603 of 30000
elapsed time: 12612 of 30000
elapsed time: 12619 of 30000
elapsed time: 12629 of 30000
elapsed time: 12637 of 30000
elapsed time: 12647 of 30000
elapsed time: 12655 of 30000
elapsed time: 12662 of 30000
elapsed time: 12673 of 30000
elapsed time: 12679 of 30000
elapsed time: 12689 of 30000
elapsed time: 12698 of 30000
elapsed time: 12699 of 30000
elapsed time: 12705 of 30000
elapsed time: 12713 of 30000
elapsed time: 12722 of 30000
elapsed time: 12730 of 30000
elapsed time: 12738 of 30000
elapsed time: 12745 of 30000
elapsed time: 12754 of 30000
elapsed time: 12762 of 30000
elapsed time: 12767 of 30000
elapsed time: 12778 of 30000
elapsed time: 12784 of 30000
elapsed time: 12794 of 30000
elapsed time: 12800 of 30000
elapsed time: 12807 of 30000
elapsed time: 12813 of 30000
elapsed time: 12818 of 30000
elapsed time: 12828 of 30000
elapsed time: 12838 of 30000
elapsed time: 12845 of 30000
elapsed time: 12853 of 30000
elapsed time: 12862 of 30000
elapsed time: 12870 of 30000
elapsed time: 12878 of 30000
elapsed time: 12885 of 30000
elapsed time: 12894 of 30000
elapsed time: 12902 of 30000
elapsed time: 12911 of 30000
elapsed time: 12918 of 30000
elapsed time: 12926 of 30000
elapsed time: 12932 of 30000
elapsed time: 12942 of 30000
elapsed time: 12951 of 30000
elapsed time: 12958 of 30000
elapsed time: 12966 of 30000
elapsed time: 12974 of 30000
elapsed time: 12981 of 30000
elapsed time: 12991 of 30000
elapsed time: 12997 of 30000
elapsed time: 13007 of 30000
elapsed time: 13016 of 30000
elapsed time: 13026 of 30000
elapsed time: 13032 of 30000
elapsed time: 13043 of 30000
elapsed time: 13051 of 30000
elapsed time: 13060 of 30000
elapsed time: 13068 of 30000
elapsed time: 13073 of 30000
elapsed time: 13084 of 30000
elapsed time: 13092 of 30000
elapsed time: 13098 of 30000
elapsed time: 13107 of 30000
elapsed time: 13113 of 30000
elapsed time: 13124 of 30000
elapsed time: 13133 of 30000
elapsed time: 13141 of 30000
elapsed time: 13149 of 30000
elapsed time: 13157 of 30000
elapsed time: 13163 of 30000
elapsed time: 13174 of 30000
elapsed time: 13180 of 30000
elapsed time: 13189 of 30000
elapsed time: 13197 of 30000
elapsed time: 13206 of 30000
elapsed time: 13214 of 30000
elapsed time: 13223 of 30000
elapsed time: 13230 of 30000
elapsed time: 13241 of 30000
elapsed time: 13249 of 30000
elapsed time: 13257 of 30000
elapsed time: 13263 of 30000
elapsed time: 13272 of 30000
elapsed time: 13281 of 30000
elapsed time: 13287 of 30000
elapsed time: 13295 of 30000
elapsed time: 13302 of 30000
elapsed time: 13307 of 30000
elapsed time: 13313 of 30000
elapsed time: 13317 of 30000
elapsed time: 13327 of 30000
elapsed time: 13335 of 30000
elapsed time: 13344 of 30000
elapsed time: 13352 of 30000
elapsed time: 13360 of 30000
elapsed time: 13368 of 30000
elapsed time: 13376 of 30000
elapsed time: 13385 of 30000
elapsed time: 13393 of 30000
elapsed time: 13398 of 30000
elapsed time: 13409 of 30000
elapsed time: 13418 of 30000
elapsed time: 13419 of 30000
elapsed time: 13425 of 30000
elapsed time: 13435 of 30000
elapsed time: 13445 of 30000
elapsed time: 13454 of 30000
elapsed time: 13462 of 30000
elapsed time: 13470 of 30000
elapsed time: 13479 of 30000
elapsed time: 13487 of 30000
elapsed time: 13495 of 30000
elapsed time: 13503 of 30000
elapsed time: 13511 of 30000
elapsed time: 13519 of 30000
elapsed time: 13526 of 30000
elapsed time: 13535 of 30000
elapsed time: 13541 of 30000
elapsed time: 13551 of 30000
elapsed time: 13559 of 30000
elapsed time: 13567 of 30000
elapsed time: 13576 of 30000
elapsed time: 13584 of 30000
elapsed time: 13592 of 30000
elapsed time: 13597 of 30000
elapsed time: 13608 of 30000
elapsed time: 13617 of 30000
elapsed time: 13624 of 30000
elapsed time: 13632 of 30000
elapsed time: 13641 of 30000
elapsed time: 13647 of 30000
elapsed time: 13658 of 30000
elapsed time: 13664 of 30000
elapsed time: 13675 of 30000
elapsed time: 13684 of 30000
elapsed time: 13692 of 30000
elapsed time: 13699 of 30000
elapsed time: 13708 of 30000
elapsed time: 13714 of 30000
elapsed time: 13722 of 30000
elapsed time: 13732 of 30000
elapsed time: 13740 of 30000
elapsed time: 13745 of 30000
elapsed time: 13756 of 30000
elapsed time: 13763 of 30000
elapsed time: 13772 of 30000
elapsed time: 13779 of 30000
elapsed time: 13788 of 30000
elapsed time: 13795 of 30000
elapsed time: 13804 of 30000
elapsed time: 13813 of 30000
elapsed time: 13820 of 30000
elapsed time: 13826 of 30000
elapsed time: 13831 of 30000
elapsed time: 13841 of 30000
elapsed time: 13849 of 30000
elapsed time: 13864 of 30000
elapsed time: 13869 of 30000
elapsed time: 13878 of 30000
elapsed time: 13886 of 30000
elapsed time: 13894 of 30000
elapsed time: 13901 of 30000
elapsed time: 13911 of 30000
elapsed time: 13918 of 30000
elapsed time: 13927 of 30000
elapsed time: 13935 of 30000
elapsed time: 13939 of 30000
elapsed time: 13951 of 30000
elapsed time: 13961 of 30000
elapsed time: 13969 of 30000
elapsed time: 13978 of 30000
elapsed time: 13984 of 30000
elapsed time: 13995 of 30000
elapsed time: 14002 of 30000
elapsed time: 14009 of 30000
elapsed time: 14018 of 30000
elapsed time: 14024 of 30000
elapsed time: 14031 of 30000
elapsed time: 14040 of 30000
elapsed time: 14051 of 30000
elapsed time: 14062 of 30000
elapsed time: 14066 of 30000
elapsed time: 14076 of 30000
elapsed time: 14085 of 30000
elapsed time: 14090 of 30000
elapsed time: 14096 of 30000
elapsed time: 14102 of 30000
elapsed time: 14113 of 30000
elapsed time: 14119 of 30000
elapsed time: 14128 of 30000
elapsed time: 14137 of 30000
elapsed time: 14145 of 30000
elapsed time: 14153 of 30000
elapsed time: 14162 of 30000
elapsed time: 14169 of 30000
elapsed time: 14178 of 30000
elapsed time: 14186 of 30000
elapsed time: 14194 of 30000
elapsed time: 14200 of 30000
elapsed time: 14207 of 30000
elapsed time: 14213 of 30000
elapsed time: 14223 of 30000
elapsed time: 14232 of 30000
elapsed time: 14241 of 30000
elapsed time: 14247 of 30000
elapsed time: 14256 of 30000
elapsed time: 14266 of 30000
elapsed time: 14271 of 30000
elapsed time: 14281 of 30000
elapsed time: 14290 of 30000
elapsed time: 14297 of 30000
elapsed time: 14305 of 30000
elapsed time: 14313 of 30000
elapsed time: 14322 of 30000
elapsed time: 14332 of 30000
elapsed time: 14339 of 30000
elapsed time: 14346 of 30000
elapsed time: 14356 of 30000
elapsed time: 14362 of 30000
elapsed time: 14368 of 30000
elapsed time: 14380 of 30000
elapsed time: 14387 of 30000
elapsed time: 14397 of 30000
elapsed time: 14403 of 30000
elapsed time: 14412 of 30000
elapsed time: 14420 of 30000
elapsed time: 14426 of 30000
elapsed time: 14434 of 30000
elapsed time: 14443 of 30000
elapsed time: 14451 of 30000
elapsed time: 14459 of 30000
elapsed time: 14468 of 30000
elapsed time: 14474 of 30000
elapsed time: 14484 of 30000
elapsed time: 14492 of 30000
elapsed time: 14503 of 30000
elapsed time: 14510 of 30000
elapsed time: 14518 of 30000
elapsed time: 14525 of 30000
elapsed time: 14531 of 30000
elapsed time: 14540 of 30000
elapsed time: 14546 of 30000
elapsed time: 14557 of 30000
elapsed time: 14563 of 30000
elapsed time: 14573 of 30000
elapsed time: 14580 of 30000
elapsed time: 14591 of 30000
elapsed time: 14596 of 30000
elapsed time: 14608 of 30000
elapsed time: 14617 of 30000
elapsed time: 14625 of 30000
elapsed time: 14629 of 30000
elapsed time: 14638 of 30000
elapsed time: 14647 of 30000
elapsed time: 14653 of 30000
elapsed time: 14665 of 30000
elapsed time: 14673 of 30000
elapsed time: 14682 of 30000
elapsed time: 14692 of 30000
elapsed time: 14700 of 30000
elapsed time: 14707 of 30000
elapsed time: 14712 of 30000
elapsed time: 14721 of 30000
elapsed time: 14730 of 30000
elapsed time: 14737 of 30000
elapsed time: 14744 of 30000
elapsed time: 14752 of 30000
elapsed time: 14760 of 30000
elapsed time: 14769 of 30000
elapsed time: 14777 of 30000
elapsed time: 14785 of 30000
elapsed time: 14792 of 30000
elapsed time: 14801 of 30000
elapsed time: 14809 of 30000
elapsed time: 14815 of 30000
elapsed time: 14822 of 30000
elapsed time: 14832 of 30000
elapsed time: 14839 of 30000
elapsed time: 14846 of 30000
elapsed time: 14855 of 30000
elapsed time: 14865 of 30000
elapsed time: 14873 of 30000
elapsed time: 14881 of 30000
elapsed time: 14889 of 30000
elapsed time: 14899 of 30000
elapsed time: 14906 of 30000
elapsed time: 14914 of 30000
elapsed time: 14921 of 30000
elapsed time: 14929 of 30000
elapsed time: 14935 of 30000
elapsed time: 14946 of 30000
elapsed time: 14954 of 30000
elapsed time: 14964 of 30000
elapsed time: 14973 of 30000
elapsed time: 14981 of 30000
elapsed time: 14987 of 30000
elapsed time: 14997 of 30000
elapsed time: 15004 of 30000
elapsed time: 15013 of 30000
</system-out>
  </testcase>
</testsuite>