<?xml version="1.0" encoding="UTF-8" ?>
<testsuite tests="1" failures="1" name="calendar.CalDayRandomTest" time="1.317" errors="0" skipped="0">
  <properties>
[...]
</properties>
  <testcase classname="calendar.CalDayRandomTest" name="randomtest" time="1.317">
    <failure message="expected:&lt;1&gt; but was:&lt;0&gt;" type="java.lang.AssertionError">java.lang.AssertionError: expected:&lt;1&gt; but was:&lt;0&gt;
	at org.junit.Assert.fail(Assert.java:88)
	at org.junit.Assert.failNotEquals(Assert.java:834)
	at org.junit.Assert.assertEquals(Assert.java:645)
	at org.junit.Assert.assertEquals(Assert.java:631)
	at calendar.CalDayRandomTest.randomtest(CalDayRandomTest.java:68)
	at java.base/jdk.internal.reflect.NativeMethodAccessorImpl.invoke0(Native Method)
	at java.base/jdk.internal.reflect.NativeMethodAccessorImpl.invoke(NativeMethodAccessorImpl.java:62)
	at java.base/jdk.internal.reflect.DelegatingMethodAccessorImpl.invoke(DelegatingMethodAccessorImpl.java:43)
	at java.base/java.lang.reflect.Method.invoke(Method.java:564)
	at org.junit.runners.model.FrameworkMethod$1.runReflectiveCall(FrameworkMethod.java:50)
	at org.junit.internal.runners.model.ReflectiveCallable.run(ReflectiveCallable.java:12)
	at org.junit.runners.model.FrameworkMethod.invokeExplosively(FrameworkMethod.java:47)
	at org.junit.internal.runners.statements.InvokeMethod.evaluate(InvokeMethod.java:17)
	at org.junit.runners.ParentRunner.runLeaf(ParentRunner.java:325)
	at org.junit.runners.BlockJUnit4ClassRunner.runChild(BlockJUnit4ClassRunner.java:78)
	at org.junit.runners.BlockJUnit4ClassRunner.runChild(BlockJUnit4ClassRunner.java:57)
	at org.junit.runners.ParentRunner$3.run(ParentRunner.java:290)
	at org.junit.runners.ParentRunner$1.schedule(ParentRunner.java:71)
	at org.junit.runners.ParentRunner.runChildren(ParentRunner.java:288)
	at org.junit.runners.ParentRunner.access$000(ParentRunner.java:58)
	at org.junit.runners.ParentRunner$2.evaluate(ParentRunner.java:268)
	at org.junit.runners.ParentRunner.run(ParentRunner.java:363)
	at org.apache.maven.surefire.junit4.JUnit4Provider.execute(JUnit4Provider.java:252)
	at org.apache.maven.surefire.junit4.JUnit4Provider.executeTestSet(JUnit4Provider.java:141)
	at org.apache.maven.surefire.junit4.JUnit4Provider.invoke(JUnit4Provider.java:112)
	at java.base/jdk.internal.reflect.NativeMethodAccessorImpl.invoke0(Native Method)
	at java.base/jdk.internal.reflect.NativeMethodAccessorImpl.invoke(NativeMethodAccessorImpl.java:62)
	at java.base/jdk.internal.reflect.DelegatingMethodAccessorImpl.invoke(DelegatingMethodAccessorImpl.java:43)
	at java.base/java.lang.reflect.Method.invoke(Method.java:564)
	at org.apache.maven.surefire.util.ReflectionUtils.invokeMethodWithArray(ReflectionUtils.java:189)
	at org.apache.maven.surefire.booter.ProviderFactory$ProviderProxy.invoke(ProviderFactory.java:165)
	at org.apache.maven.surefire.booter.ProviderFactory.invokeProvider(ProviderFactory.java:85)
	at org.apache.maven.surefire.booter.ForkedBooter.runSuitesInProcess(ForkedBooter.java:115)
	at org.apache.maven.surefire.booter.ForkedBooter.main(ForkedBooter.java:75)
</failure>
    <system-out>Start testing...
elapsed time: 456 of 30000
elapsed time: 605 of 30000
elapsed time: 722 of 30000
elapsed time: 797 of 30000
elapsed time: 878 of 30000
elapsed time: 917 of 30000
elapsed time: 1035 of 30000
elapsed time: 1081 of 30000
elapsed time: 1132 of 30000
elapsed time: 1178 of 30000
elapsed time: 1210 of 30000
elapsed time: 1222 of 30000
elapsed time: 1237 of 30000
elapsed time: 1261 of 30000
elapsed time: 1280 of 30000
elapsed time: 1310 of 30000
elapsed time: 1331 of 30000
elapsed time: 1358 of 30000
elapsed time: 1385 of 30000
elapsed time: 1399 of 30000
elapsed time: 1428 of 30000
elapsed time: 1454 of 30000
elapsed time: 1482 of 30000
elapsed time: 1506 of 30000
elapsed time: 1532 of 30000
elapsed time: 1565 of 30000
elapsed time: 1583 of 30000
elapsed time: 1610 of 30000
elapsed time: 1632 of 30000
elapsed time: 1649 of 30000
elapsed time: 1682 of 30000
elapsed time: 1706 of 30000
elapsed time: 1731 of 30000
elapsed time: 1758 of 30000
elapsed time: 1781 of 30000
elapsed time: 1797 of 30000
elapsed time: 1832 of 30000
elapsed time: 1856 of 30000
</system-out>
  </testcase>
</testsuite>